<?xml version="1.0" encoding="UTF-8"?>
<!-- Generated by org.testng.reporters.JUnitReportReporter -->
<testsuite skipped="4" hostname="NXT-LT004" name="runner.CreateLeadRunner" tests="4" failures="0" timestamp="2019-10-01T09:13:25 IST" time="23.606" errors="0">
  <testcase name="runScenario" time="5.710" classname="runner.CreateLeadRunner">
    <skipped/>
  </testcase> <!-- runScenario -->
  <testcase name="runScenario" time="5.533" classname="runner.CreateLeadRunner">
    <skipped/>
  </testcase> <!-- runScenario -->
  <testcase name="runScenario" time="5.103" classname="runner.CreateLeadRunner">
    <skipped/>
  </testcase> <!-- runScenario -->
  <testcase name="runScenario" time="7.260" classname="runner.CreateLeadRunner">
    <skipped/>
  </testcase> <!-- runScenario -->
</testsuite> <!-- runner.CreateLeadRunner -->
