<?xml version="1.0" encoding="UTF-8"?>
<!-- Generated by org.testng.reporters.JUnitReportReporter -->
<testsuite skipped="0" hostname="NXT-LT004" name="week3.Day2.CreateLead" tests="1" failures="0" timestamp="2019-10-04T17:58:34 IST" time="16.211" errors="0">
  <testcase name="RunCreateLead" time="16.211" classname="week3.Day2.CreateLead"/>
</testsuite> <!-- week3.Day2.CreateLead -->
