<?xml version="1.0" encoding="UTF-8"?>
<!-- Generated by org.testng.reporters.JUnitReportReporter -->
<testsuite skipped="0" hostname="NXT-LT004" name="TestCases.TC001_CreateLead" tests="1" failures="0" timestamp="2019-10-08T09:48:41 IST" time="19.856" errors="0">
  <testcase name="createLead" time="19.856" classname="TestCases.TC001_CreateLead"/>
</testsuite> <!-- TestCases.TC001_CreateLead -->
